C:\USERS\USER\DESKTOP\44\LAB2\DEBUG\LAB2.EXE
C:\USERS\USER\DESKTOP\44\LAB2\DEBUG\LAB2.ILK
C:\USERS\USER\DESKTOP\44\LAB2\DEBUG\LAB2.PDB
C:\Users\user\Desktop\44\lab2\lab2\Debug\cl.command.1.tlog
C:\Users\user\Desktop\44\lab2\lab2\Debug\CL.read.1.tlog
C:\Users\user\Desktop\44\lab2\lab2\Debug\CL.write.1.tlog
C:\USERS\USER\DESKTOP\44\LAB2\LAB2\DEBUG\LAB2.EXE.EMBED.MANIFEST
C:\USERS\USER\DESKTOP\44\LAB2\LAB2\DEBUG\LAB2.EXE.EMBED.MANIFEST.RES
C:\USERS\USER\DESKTOP\44\LAB2\LAB2\DEBUG\LAB2.EXE.INTERMEDIATE.MANIFEST
C:\USERS\USER\DESKTOP\44\LAB2\LAB2\DEBUG\LAB2.OBJ
C:\USERS\USER\DESKTOP\44\LAB2\LAB2\DEBUG\LAB2.PCH
C:\Users\user\Desktop\44\lab2\lab2\Debug\lab2.vcxprojResolveAssemblyReference.cache
C:\Users\user\Desktop\44\lab2\lab2\Debug\lab2.write.1.tlog
C:\Users\user\Desktop\44\lab2\lab2\Debug\lab2_manifest.rc
C:\Users\user\Desktop\44\lab2\lab2\Debug\link.6948.read.1.tlog
C:\Users\user\Desktop\44\lab2\lab2\Debug\link.6948.write.1.tlog
C:\Users\user\Desktop\44\lab2\lab2\Debug\link.6948-cvtres.read.1.tlog
C:\Users\user\Desktop\44\lab2\lab2\Debug\link.6948-cvtres.write.1.tlog
C:\Users\user\Desktop\44\lab2\lab2\Debug\link.command.1.tlog
C:\Users\user\Desktop\44\lab2\lab2\Debug\link.read.1.tlog
C:\Users\user\Desktop\44\lab2\lab2\Debug\link.write.1.tlog
C:\Users\user\Desktop\44\lab2\lab2\Debug\link-cvtres.read.1.tlog
C:\Users\user\Desktop\44\lab2\lab2\Debug\link-cvtres.write.1.tlog
C:\Users\user\Desktop\44\lab2\lab2\Debug\mt.command.1.tlog
C:\Users\user\Desktop\44\lab2\lab2\Debug\mt.read.1.tlog
C:\Users\user\Desktop\44\lab2\lab2\Debug\mt.write.1.tlog
C:\Users\user\Desktop\44\lab2\lab2\Debug\rc.command.1.tlog
C:\Users\user\Desktop\44\lab2\lab2\Debug\rc.read.1.tlog
C:\Users\user\Desktop\44\lab2\lab2\Debug\rc.write.1.tlog
C:\USERS\USER\DESKTOP\44\LAB2\LAB2\DEBUG\STDAFX.OBJ
C:\Users\user\Desktop\44\lab2\lab2\Debug\vc100.idb
C:\USERS\USER\DESKTOP\44\LAB2\LAB2\DEBUG\VC100.PDB
