Построение начато 04.01.2021 18:54:41.
     1>Проект "C:\Users\user\Desktop\Z2\Z2\Z2\Z2.vcxproj" в узле 2 (целевые объекты build).
     1>InitializeBuildStatus:
         Создание "Debug\Z2.unsuccessfulbuild", так как было задано "AlwaysCreate".
       ClCompile:
         Для всех выходных данных обновления не требуется.
         D:\progrms\MicrosoftVisualStudio10\VC\bin\CL.exe /c /ZI /nologo /W3 /WX- /Od /Oy- /D WIN32 /D _DEBUG /D _CONSOLE /D _UNICODE /D UNICODE /Gm /EHsc /RTC1 /MDd /GS /fp:precise /Zc:wchar_t /Zc:forScope /Yu"StdAfx.h" /Fp"Debug\Z2.pch" /Fo"Debug\\" /Fd"Debug\vc100.pdb" /Gd /TP /analyze- /errorReport:prompt Z2.cpp
         Z2.cpp
     1>c:\users\user\desktop\z2\z2\z2\z2.cpp(16): warning C4018: <: несоответствие типов со знаком и без знака
       ManifestResourceCompile:
         Для всех выходных данных обновления не требуется.
       Link:
         D:\progrms\MicrosoftVisualStudio10\VC\bin\link.exe /ERRORREPORT:PROMPT /OUT:"C:\Users\user\Desktop\Z2\Z2\Debug\Z2.exe" /INCREMENTAL /NOLOGO kernel32.lib user32.lib gdi32.lib winspool.lib comdlg32.lib advapi32.lib shell32.lib ole32.lib oleaut32.lib uuid.lib odbc32.lib odbccp32.lib /MANIFEST /ManifestFile:"Debug\Z2.exe.intermediate.manifest" /MANIFESTUAC:"level='asInvoker' uiAccess='false'" /DEBUG /PDB:"C:\Users\user\Desktop\Z2\Z2\Debug\Z2.pdb" /SUBSYSTEM:CONSOLE /TLBID:1 /DYNAMICBASE /NXCOMPAT /IMPLIB:"C:\Users\user\Desktop\Z2\Z2\Debug\Z2.lib" /MACHINE:X86 Debug\Z2.exe.embed.manifest.res
         Debug\stdafx.obj
         Debug\Z2.obj
       Manifest:
         C:\Program Files (x86)\Microsoft SDKs\Windows\v7.0A\bin\mt.exe /nologo /verbose /out:"Debug\Z2.exe.embed.manifest" /manifest Debug\Z2.exe.intermediate.manifest
         Для всех выходных данных обновления не требуется.
       LinkEmbedManifest:
         Для всех выходных данных обновления не требуется.
         Z2.vcxproj -> C:\Users\user\Desktop\Z2\Z2\Debug\Z2.exe
       FinalizeBuildStatus:
         Файл "Debug\Z2.unsuccessfulbuild" удаляется.
         Обращение к "Debug\Z2.lastbuildstate".
     1>Построение проекта "C:\Users\user\Desktop\Z2\Z2\Z2\Z2.vcxproj" завершено (целевые объекты build).

Построение успешно завершено.

Затраченное время: 00:00:48.73
